<?xml version="1.0" encoding="UTF-8"?>
<!-- Generated by org.testng.reporters.JUnitReportReporter -->
<testsuite hostname="DESKTOP-I7S92S5" failures="0" tests="1" name="Scripts.Testcase1" time="14.044" errors="0" timestamp="2023-08-03T14:58:56 IST" skipped="0">
  <testcase classname="Scripts.Testcase1" name="tc1" time="14.044"/>
</testsuite> <!-- Scripts.Testcase1 -->
