<?xml version="1.0" encoding="UTF-8"?>
<!-- Generated by org.testng.reporters.JUnitReportReporter -->
<testsuite hostname="DESKTOP-I7S92S5" failures="0" tests="1" name="Scripts.Testcase1" time="9.658" errors="0" timestamp="2023-08-05T01:14:30 IST" skipped="0">
  <testcase classname="Scripts.Testcase1" name="tc1" time="9.658"/>
</testsuite> <!-- Scripts.Testcase1 -->
